<?xml version="1.0" encoding="UTF-8"?>
<!-- Generated by org.testng.reporters.JUnitReportReporter -->
<testsuite hostname="PratiksPC" failures="0" tests="6" name="selenium.Testing1" time="0.016" errors="0" timestamp="2022-02-09T21:31:44 EST" skipped="0">
  <testcase classname="selenium.Testing1" name="abc" time="0.001"/>
  <testcase classname="selenium.Testing1" name="test2" time="0.002"/>
  <testcase classname="selenium.Testing1" name="abc" time="0.007"/>
  <testcase classname="selenium.Testing1" name="test3" time="0.002"/>
  <testcase classname="selenium.Testing1" name="test1" time="0.002"/>
  <testcase classname="selenium.Testing1" name="abc" time="0.002"/>
</testsuite> <!-- selenium.Testing1 -->
